mode: set
github.com/dmytrozilnyk/gildedRose-refactoring-kata/go/gildedrose/item.conjured.go:7.42,9.2 1 1
github.com/dmytrozilnyk/gildedRose-refactoring-kata/go/gildedrose/item.conjured.go:11.33,12.28 1 1
github.com/dmytrozilnyk/gildedRose-refactoring-kata/go/gildedrose/item.conjured.go:16.2,18.24 2 1
github.com/dmytrozilnyk/gildedRose-refactoring-kata/go/gildedrose/item.conjured.go:12.28,14.3 1 1
github.com/dmytrozilnyk/gildedRose-refactoring-kata/go/gildedrose/item.conjured.go:18.24,19.20 1 1
github.com/dmytrozilnyk/gildedRose-refactoring-kata/go/gildedrose/item.conjured.go:19.20,21.4 1 1
github.com/dmytrozilnyk/gildedRose-refactoring-kata/go/gildedrose/item.normal.go:7.40,9.2 1 1
github.com/dmytrozilnyk/gildedRose-refactoring-kata/go/gildedrose/item.normal.go:11.31,12.28 1 1
github.com/dmytrozilnyk/gildedRose-refactoring-kata/go/gildedrose/item.normal.go:16.2,18.24 2 1
github.com/dmytrozilnyk/gildedRose-refactoring-kata/go/gildedrose/item.normal.go:12.28,14.3 1 1
github.com/dmytrozilnyk/gildedRose-refactoring-kata/go/gildedrose/item.normal.go:18.24,19.20 1 1
github.com/dmytrozilnyk/gildedRose-refactoring-kata/go/gildedrose/item.normal.go:19.20,21.4 1 1
github.com/dmytrozilnyk/gildedRose-refactoring-kata/go/gildedrose/item.sulfuras.go:7.42,9.2 1 1
github.com/dmytrozilnyk/gildedRose-refactoring-kata/go/gildedrose/item.sulfuras.go:11.34,13.2 0 1
github.com/dmytrozilnyk/gildedRose-refactoring-kata/go/gildedrose/gildedrose.go:27.35,28.29 1 1
github.com/dmytrozilnyk/gildedRose-refactoring-kata/go/gildedrose/gildedrose.go:28.29,29.20 1 1
github.com/dmytrozilnyk/gildedRose-refactoring-kata/go/gildedrose/gildedrose.go:30.17,31.34 1 1
github.com/dmytrozilnyk/gildedRose-refactoring-kata/go/gildedrose/gildedrose.go:32.17,33.34 1 1
github.com/dmytrozilnyk/gildedRose-refactoring-kata/go/gildedrose/gildedrose.go:34.18,35.35 1 1
github.com/dmytrozilnyk/gildedRose-refactoring-kata/go/gildedrose/gildedrose.go:36.17,37.34 1 1
github.com/dmytrozilnyk/gildedRose-refactoring-kata/go/gildedrose/gildedrose.go:38.11,39.32 1 1
github.com/dmytrozilnyk/gildedRose-refactoring-kata/go/gildedrose/item.agedBrie.go:7.42,9.2 1 1
github.com/dmytrozilnyk/gildedRose-refactoring-kata/go/gildedrose/item.agedBrie.go:11.33,12.28 1 1
github.com/dmytrozilnyk/gildedRose-refactoring-kata/go/gildedrose/item.agedBrie.go:16.2,18.24 2 1
github.com/dmytrozilnyk/gildedRose-refactoring-kata/go/gildedrose/item.agedBrie.go:12.28,14.3 1 1
github.com/dmytrozilnyk/gildedRose-refactoring-kata/go/gildedrose/item.agedBrie.go:18.24,19.21 1 1
github.com/dmytrozilnyk/gildedRose-refactoring-kata/go/gildedrose/item.agedBrie.go:19.21,21.4 1 1
github.com/dmytrozilnyk/gildedRose-refactoring-kata/go/gildedrose/item.backstage.go:7.43,9.2 1 1
github.com/dmytrozilnyk/gildedRose-refactoring-kata/go/gildedrose/item.backstage.go:11.34,12.28 1 1
github.com/dmytrozilnyk/gildedRose-refactoring-kata/go/gildedrose/item.backstage.go:26.2,28.24 2 1
github.com/dmytrozilnyk/gildedRose-refactoring-kata/go/gildedrose/item.backstage.go:12.28,14.20 2 1
github.com/dmytrozilnyk/gildedRose-refactoring-kata/go/gildedrose/item.backstage.go:19.3,19.19 1 1
github.com/dmytrozilnyk/gildedRose-refactoring-kata/go/gildedrose/item.backstage.go:14.20,15.30 1 1
github.com/dmytrozilnyk/gildedRose-refactoring-kata/go/gildedrose/item.backstage.go:15.30,17.5 1 1
github.com/dmytrozilnyk/gildedRose-refactoring-kata/go/gildedrose/item.backstage.go:19.19,20.30 1 1
github.com/dmytrozilnyk/gildedRose-refactoring-kata/go/gildedrose/item.backstage.go:20.30,22.5 1 1
github.com/dmytrozilnyk/gildedRose-refactoring-kata/go/gildedrose/item.backstage.go:28.24,30.3 1 1
