mode: set
github.com/dmytrozilnyk/gildedRose-refactoring-kata/go/gildedrose/gildedrose.go:29.32,31.2 1 1
github.com/dmytrozilnyk/gildedRose-refactoring-kata/go/gildedrose/gildedrose.go:33.35,34.29 1 1
github.com/dmytrozilnyk/gildedRose-refactoring-kata/go/gildedrose/gildedrose.go:34.29,35.20 1 1
github.com/dmytrozilnyk/gildedRose-refactoring-kata/go/gildedrose/gildedrose.go:47.3,47.29 1 1
github.com/dmytrozilnyk/gildedRose-refactoring-kata/go/gildedrose/gildedrose.go:36.17,37.34 1 1
github.com/dmytrozilnyk/gildedRose-refactoring-kata/go/gildedrose/gildedrose.go:38.17,39.34 1 1
github.com/dmytrozilnyk/gildedRose-refactoring-kata/go/gildedrose/gildedrose.go:40.18,41.35 1 1
github.com/dmytrozilnyk/gildedRose-refactoring-kata/go/gildedrose/gildedrose.go:42.17,43.34 1 1
github.com/dmytrozilnyk/gildedRose-refactoring-kata/go/gildedrose/gildedrose.go:44.11,45.32 1 1
github.com/dmytrozilnyk/gildedRose-refactoring-kata/go/gildedrose/item.agedBrie.go:7.42,9.2 1 1
github.com/dmytrozilnyk/gildedRose-refactoring-kata/go/gildedrose/item.agedBrie.go:11.33,12.28 1 1
github.com/dmytrozilnyk/gildedRose-refactoring-kata/go/gildedrose/item.agedBrie.go:16.2,18.24 2 1
github.com/dmytrozilnyk/gildedRose-refactoring-kata/go/gildedrose/item.agedBrie.go:12.28,14.3 1 1
github.com/dmytrozilnyk/gildedRose-refactoring-kata/go/gildedrose/item.agedBrie.go:18.24,19.21 1 1
github.com/dmytrozilnyk/gildedRose-refactoring-kata/go/gildedrose/item.agedBrie.go:19.21,21.4 1 1
github.com/dmytrozilnyk/gildedRose-refactoring-kata/go/gildedrose/item.backstage.go:7.43,9.2 1 1
github.com/dmytrozilnyk/gildedRose-refactoring-kata/go/gildedrose/item.backstage.go:11.34,12.28 1 1
github.com/dmytrozilnyk/gildedRose-refactoring-kata/go/gildedrose/item.backstage.go:26.2,28.24 2 1
github.com/dmytrozilnyk/gildedRose-refactoring-kata/go/gildedrose/item.backstage.go:12.28,14.20 2 1
github.com/dmytrozilnyk/gildedRose-refactoring-kata/go/gildedrose/item.backstage.go:19.3,19.19 1 1
github.com/dmytrozilnyk/gildedRose-refactoring-kata/go/gildedrose/item.backstage.go:14.20,15.30 1 1
github.com/dmytrozilnyk/gildedRose-refactoring-kata/go/gildedrose/item.backstage.go:15.30,17.5 1 1
github.com/dmytrozilnyk/gildedRose-refactoring-kata/go/gildedrose/item.backstage.go:19.19,20.30 1 1
github.com/dmytrozilnyk/gildedRose-refactoring-kata/go/gildedrose/item.backstage.go:20.30,22.5 1 1
github.com/dmytrozilnyk/gildedRose-refactoring-kata/go/gildedrose/item.backstage.go:28.24,30.3 1 1
github.com/dmytrozilnyk/gildedRose-refactoring-kata/go/gildedrose/item.conjured.go:7.42,9.2 1 1
github.com/dmytrozilnyk/gildedRose-refactoring-kata/go/gildedrose/item.conjured.go:11.33,12.28 1 1
github.com/dmytrozilnyk/gildedRose-refactoring-kata/go/gildedrose/item.conjured.go:16.2,18.24 2 1
github.com/dmytrozilnyk/gildedRose-refactoring-kata/go/gildedrose/item.conjured.go:12.28,14.3 1 1
github.com/dmytrozilnyk/gildedRose-refactoring-kata/go/gildedrose/item.conjured.go:18.24,19.20 1 1
github.com/dmytrozilnyk/gildedRose-refactoring-kata/go/gildedrose/item.conjured.go:19.20,21.4 1 1
github.com/dmytrozilnyk/gildedRose-refactoring-kata/go/gildedrose/item.normal.go:7.40,9.2 1 1
github.com/dmytrozilnyk/gildedRose-refactoring-kata/go/gildedrose/item.normal.go:11.31,12.28 1 1
github.com/dmytrozilnyk/gildedRose-refactoring-kata/go/gildedrose/item.normal.go:16.2,18.24 2 1
github.com/dmytrozilnyk/gildedRose-refactoring-kata/go/gildedrose/item.normal.go:12.28,14.3 1 1
github.com/dmytrozilnyk/gildedRose-refactoring-kata/go/gildedrose/item.normal.go:18.24,19.20 1 1
github.com/dmytrozilnyk/gildedRose-refactoring-kata/go/gildedrose/item.normal.go:19.20,21.4 1 1
github.com/dmytrozilnyk/gildedRose-refactoring-kata/go/gildedrose/item.sulfuras.go:7.42,9.2 1 1
github.com/dmytrozilnyk/gildedRose-refactoring-kata/go/gildedrose/item.sulfuras.go:11.34,13.2 0 1
